  icode   ic inum1 inum2 inum3   subed  recmonps reccnstps  flow(m^3)   sed(t)      orgn(kg)    orgp(kg)    nitrate(kg) sol.p(kg)   sol.pst(mg) sor.pst(mg)
       1        1        1        0        0        0                         0.1827E+07  0.2350E+04  0.1074E+05  0.3018E+04  0.3091E+03  0.4264E+02  0.0000E+00  0.0000E+00
       1        2        2        0        0        0                         0.5970E+06  0.8797E+03  0.4062E+04  0.1045E+04  0.1172E+03  0.1272E+02  0.0000E+00  0.0000E+00
       1        3        3        0        0        0                         0.3903E+06  0.4465E+03  0.1560E+04  0.4622E+03  0.4829E+02  0.9182E+01  0.0000E+00  0.0000E+00
       1        4        4        0        0        0                         0.3157E+06  0.5119E+03  0.1893E+04  0.5537E+03  0.5968E+02  0.8587E+01  0.0000E+00  0.0000E+00
       1        5        5        0        0        0                         0.3886E+06  0.6273E+03  0.2489E+04  0.7256E+03  0.7187E+02  0.1182E+02  0.0000E+00  0.0000E+00
       1        6        6        0        0        0                         0.6177E+06  0.7248E+03  0.3184E+04  0.9318E+03  0.1147E+03  0.2018E+02  0.0000E+00  0.0000E+00
       1        7        7        0        0        0                         0.2706E+07  0.4555E+04  0.1783E+05  0.5280E+04  0.3798E+03  0.7548E+02  0.0000E+00  0.0000E+00
       1        8        8        0        0        0                         0.5946E+06  0.8893E+03  0.6133E+04  0.1342E+04  0.1939E+03  0.9805E+01  0.0000E+00  0.0000E+00
       1        9        9        0        0        0                         0.4220E+06  0.8749E+03  0.2469E+04  0.7490E+03  0.3224E+02  0.9488E+01  0.0000E+00  0.0000E+00
       1       10       10        0        0        0                         0.4622E+06  0.6084E+03  0.2640E+04  0.7391E+03  0.7810E+02  0.1112E+02  0.0000E+00  0.0000E+00
       1       11       11        0        0        0                         0.1718E+07  0.2197E+04  0.1007E+05  0.2802E+04  0.2974E+03  0.4538E+02  0.0000E+00  0.0000E+00
       1       12       12        0        0        0                         0.2622E+06  0.3445E+03  0.1333E+04  0.3969E+03  0.2896E+02  0.7428E+01  0.0000E+00  0.0000E+00
       1       13       13        0        0        0                         0.3146E+06  0.3537E+03  0.1523E+04  0.4554E+03  0.6021E+02  0.1071E+02  0.0000E+00  0.0000E+00
       1       14       14        0        0        0                         0.6253E+06  0.6994E+03  0.3074E+04  0.9294E+03  0.1201E+03  0.2149E+02  0.0000E+00  0.0000E+00
       1       15       15        0        0        0                         0.3900E+06  0.7421E+03  0.4066E+04  0.9297E+03  0.1239E+03  0.6867E+01  0.0000E+00  0.0000E+00
       1       16       16        0        0        0                         0.6514E+06  0.9429E+03  0.4406E+04  0.1146E+04  0.1213E+03  0.1332E+02  0.0000E+00  0.0000E+00
       1       17       17        0        0        0                         0.3245E+06  0.3497E+03  0.1349E+04  0.3980E+03  0.2928E+02  0.8321E+01  0.0000E+00  0.0000E+00
       1       18       18        0        0        0                         0.2186E+06  0.3449E+03  0.1400E+04  0.4018E+03  0.5245E+02  0.6686E+01  0.0000E+00  0.0000E+00
       1       19       19        0        0        0                         0.7644E+06  0.1877E+04  0.5849E+04  0.1742E+04  0.9374E+02  0.1862E+02  0.0000E+00  0.0000E+00
       1       20       20        0        0        0                         0.8835E+06  0.1119E+04  0.4531E+04  0.1364E+04  0.1200E+03  0.2682E+02  0.0000E+00  0.0000E+00
       1       21       21        0        0        0                         0.2429E+06  0.3354E+03  0.2226E+04  0.4849E+03  0.6483E+02  0.4305E+01  0.0000E+00  0.0000E+00
       1       22       22        0        0        0                         0.2144E+06  0.4700E+03  0.1302E+04  0.3953E+03  0.2152E+02  0.4830E+01  0.0000E+00  0.0000E+00
       1       23       23        0        0        0                         0.1076E+07  0.1155E+04  0.5853E+04  0.1561E+04  0.1863E+03  0.2679E+02  0.0000E+00  0.0000E+00
       1       24       24        0        0        0                         0.2641E+06  0.6879E+03  0.1859E+04  0.5589E+03  0.2438E+02  0.5934E+01  0.0000E+00  0.0000E+00
       1       25       25        0        0        0                         0.8531E+06  0.1311E+04  0.5683E+04  0.1664E+04  0.1357E+03  0.2590E+02  0.0000E+00  0.0000E+00
       1       26       26        0        0        0                         0.5026E+06  0.8072E+03  0.3252E+04  0.9010E+03  0.7848E+02  0.1180E+02  0.0000E+00  0.0000E+00
       1       27       27        0        0        0                         0.4167E+06  0.6417E+03  0.2957E+04  0.7272E+03  0.9779E+02  0.7838E+01  0.0000E+00  0.0000E+00
       1       28       28        0        0        0                         0.7430E+06  0.1396E+04  0.6784E+04  0.1612E+04  0.2443E+03  0.1325E+02  0.0000E+00  0.0000E+00
       1       29       29        0        0        0                         0.4084E+06  0.7343E+03  0.2301E+04  0.6971E+03  0.6076E+02  0.1064E+02  0.0000E+00  0.0000E+00
       1       30       30        0        0        0                         0.4774E+06  0.6477E+03  0.2821E+04  0.8243E+03  0.9307E+02  0.1536E+02  0.0000E+00  0.0000E+00
       1       31       31        0        0        0                         0.8470E+06  0.1318E+04  0.5480E+04  0.1485E+04  0.1358E+03  0.2034E+02  0.0000E+00  0.0000E+00
       1       32       32        0        0        0                         0.2674E+06  0.3569E+03  0.1598E+04  0.4417E+03  0.4133E+02  0.6839E+01  0.0000E+00  0.0000E+00
       1       33       33        0        0        0                         0.6036E+06  0.7155E+03  0.2943E+04  0.7341E+03  0.1248E+03  0.1117E+02  0.0000E+00  0.0000E+00
       1       34       34        0        0        0                         0.2613E+06  0.2648E+03  0.1156E+04  0.3407E+03  0.3518E+02  0.7783E+01  0.0000E+00  0.0000E+00
       1       35       35        0        0        0                         0.4232E+06  0.5452E+03  0.2447E+04  0.7051E+03  0.9021E+02  0.1430E+02  0.0000E+00  0.0000E+00
       1       36       36        0        0        0                         0.2021E+06  0.5092E+03  0.1581E+04  0.4201E+03  0.2685E+02  0.4339E+01  0.0000E+00  0.0000E+00
       1       37       37        0        0        0                         0.6969E+06  0.6685E+03  0.3175E+04  0.8583E+03  0.1459E+03  0.1604E+02  0.0000E+00  0.0000E+00
       1       38       38        0        0        0                         0.2900E+05  0.4409E+02  0.1693E+03  0.4057E+02  0.8546E+01  0.4595E+00  0.0000E+00  0.0000E+00
       1       39       39        0        0        0                         0.2818E+06  0.3935E+03  0.1666E+04  0.4835E+03  0.3927E+02  0.8004E+01  0.0000E+00  0.0000E+00
       1       40       40        0        0        0                         0.8081E+05  0.7406E+02  0.3008E+03  0.9310E+02  0.1914E+02  0.2802E+01  0.0000E+00  0.0000E+00
       1       41       41        0        0        0                         0.5744E+06  0.1144E+04  0.7196E+04  0.1576E+04  0.1724E+03  0.9722E+01  0.0000E+00  0.0000E+00
       1       42       42        0        0        0                         0.3582E+05  0.5991E+02  0.2138E+03  0.5397E+02  0.8600E+01  0.6809E+00  0.0000E+00  0.0000E+00
       1       43       43        0        0        0                         0.3517E+06  0.4185E+03  0.2003E+04  0.4903E+03  0.9679E+02  0.6743E+01  0.0000E+00  0.0000E+00
       1       44       44        0        0        0                         0.1127E+06  0.1294E+03  0.6557E+03  0.1734E+03  0.2669E+02  0.2728E+01  0.0000E+00  0.0000E+00
       1       45       45        0        0        0                         0.1393E+06  0.2005E+03  0.8262E+03  0.2476E+03  0.2604E+02  0.4763E+01  0.0000E+00  0.0000E+00
       1       46       46        0        0        0                         0.2923E+05  0.1246E+03  0.4856E+03  0.1117E+03  0.9527E+01  0.4394E+00  0.0000E+00  0.0000E+00
       1       47       47        0        0        0                         0.1592E+06  0.1591E+03  0.8388E+03  0.1887E+03  0.7423E+02  0.2187E+01  0.0000E+00  0.0000E+00
       1       48       48        0        0        0                         0.5540E+06  0.5656E+03  0.2333E+04  0.6394E+03  0.1216E+03  0.1061E+02  0.0000E+00  0.0000E+00
       1       49       49        0        0        0                         0.9313E+05  0.8767E+02  0.5230E+03  0.1300E+03  0.4087E+02  0.1703E+01  0.0000E+00  0.0000E+00
       1       50       50        0        0        0                         0.1165E+07  0.1726E+04  0.6843E+04  0.2013E+04  0.2750E+03  0.3228E+02  0.0000E+00  0.0000E+00
       1       51       51        0        0        0                         0.4709E+06  0.8381E+03  0.5201E+04  0.1149E+04  0.1230E+03  0.7887E+01  0.0000E+00  0.0000E+00
       1       52       52        0        0        0                         0.2280E+07  0.5019E+04  0.2284E+05  0.5329E+04  0.7232E+03  0.3857E+02  0.0000E+00  0.0000E+00
       1       53       53        0        0        0                         0.9791E+06  0.1019E+04  0.4412E+04  0.1208E+04  0.2303E+03  0.1946E+02  0.0000E+00  0.0000E+00
       1       54       54        0        0        0                         0.5006E+06  0.7011E+03  0.2232E+04  0.6892E+03  0.1090E+03  0.1252E+02  0.0000E+00  0.0000E+00
       1       55       55        0        0        0                         0.5056E+06  0.5553E+03  0.3596E+04  0.7992E+03  0.1671E+03  0.7537E+01  0.0000E+00  0.0000E+00
       1       56       56        0        0        0                         0.4944E+05  0.8476E+02  0.4214E+03  0.1005E+03  0.1314E+02  0.9549E+00  0.0000E+00  0.0000E+00
       1       57       57        0        0        0                         0.1820E+06  0.3977E+03  0.1187E+04  0.3274E+03  0.3392E+02  0.3538E+01  0.0000E+00  0.0000E+00
       1       58       58        0        0        0                         0.7716E+04  0.1750E+02  0.4592E+02  0.1418E+02  0.2587E+01  0.1846E+00  0.0000E+00  0.0000E+00
       1       59       59        0        0        0                         0.1261E+06  0.1769E+03  0.1052E+04  0.2298E+03  0.4858E+02  0.1749E+01  0.0000E+00  0.0000E+00
       1       60       60        0        0        0                         0.1098E+05  0.4540E+02  0.1762E+03  0.3916E+02  0.4514E+01  0.1661E+00  0.0000E+00  0.0000E+00
       1       61       61        0        0        0                         0.2662E+06  0.3366E+03  0.1802E+04  0.4417E+03  0.5142E+02  0.4887E+01  0.0000E+00  0.0000E+00
       1       62       62        0        0        0                         0.1995E+06  0.2581E+03  0.1588E+04  0.3531E+03  0.7429E+02  0.2883E+01  0.0000E+00  0.0000E+00
       1       63       63        0        0        0                         0.5584E+06  0.9294E+03  0.3865E+04  0.9704E+03  0.1067E+03  0.1103E+02  0.0000E+00  0.0000E+00
       1       64       64        0        0        0                         0.4074E+06  0.6414E+03  0.2089E+04  0.6208E+03  0.1143E+03  0.8867E+01  0.0000E+00  0.0000E+00
       1       65       65        0        0        0                         0.8777E+06  0.1325E+04  0.5060E+04  0.1344E+04  0.1449E+03  0.1678E+02  0.0000E+00  0.0000E+00
       1       66       66        0        0        0                         0.4783E+05  0.7231E+02  0.1904E+03  0.5691E+02  0.2497E+02  0.1222E+01  0.0000E+00  0.0000E+00
       1       67       67        0        0        0                         0.4160E+06  0.7981E+03  0.2408E+04  0.7070E+03  0.6619E+02  0.9985E+01  0.0000E+00  0.0000E+00
       1       68       68        0        0        0                         0.6970E+05  0.1115E+03  0.4115E+03  0.1021E+03  0.1387E+02  0.1953E+01  0.0000E+00  0.0000E+00
       1       69       69        0        0        0                         0.8343E+04  0.7434E+01  0.4734E+02  0.1122E+02  0.1012E+01  0.2096E+00  0.0000E+00  0.0000E+00
       2       70        1        1        1        0                         0.3387E+07  0.2350E+04  0.1060E+05  0.2962E+04  0.2946E+03  0.8048E+02  0.0000E+00  0.0000E+00
       2       71        2        2        2        0                         0.7011E+06  0.8796E+03  0.4034E+04  0.1034E+04  0.1103E+03  0.1954E+02  0.0000E+00  0.0000E+00
       2       72        3        3        3        0                         0.4350E+06  0.4465E+03  0.1553E+04  0.4594E+03  0.4376E+02  0.1086E+02  0.0000E+00  0.0000E+00
       2       73        4        4        4        0                         0.4426E+06  0.5119E+03  0.1884E+04  0.5499E+03  0.5792E+02  0.1141E+02  0.0000E+00  0.0000E+00
       2       74        5        5        5        0                         0.9657E+06  0.6273E+03  0.2469E+04  0.7176E+03  0.7087E+02  0.1758E+02  0.0000E+00  0.0000E+00
       2       75        6        6        6        0                         0.9404E+06  0.7246E+03  0.3155E+04  0.9190E+03  0.1079E+03  0.2909E+02  0.0000E+00  0.0000E+00
       2       76        7        7        7        0                         0.5162E+07  0.4555E+04  0.1749E+05  0.5125E+04  0.3697E+03  0.1731E+03  0.0000E+00  0.0000E+00
       2       77        8        8        8        0                         0.6570E+06  0.8893E+03  0.6109E+04  0.1334E+04  0.1905E+03  0.1566E+02  0.0000E+00  0.0000E+00
       2       78        9        9        9        0                         0.4579E+06  0.8748E+03  0.2457E+04  0.7437E+03  0.2997E+02  0.1357E+02  0.0000E+00  0.0000E+00
       2       79       10       10       10        0                         0.4538E+06  0.6070E+03  0.2605E+04  0.7264E+03  0.3962E+02  0.1716E+02  0.0000E+00  0.0000E+00
       2       80       11       11       11        0                         0.2844E+07  0.2194E+04  0.9840E+04  0.2707E+04  0.2767E+03  0.1051E+03  0.0000E+00  0.0000E+00
       2       81       12       12       12        0                         0.3310E+06  0.3445E+03  0.1331E+04  0.3959E+03  0.2876E+02  0.8265E+01  0.0000E+00  0.0000E+00
       2       82       13       13       13        0                         0.3576E+06  0.3523E+03  0.1508E+04  0.4495E+03  0.4768E+02  0.1326E+02  0.0000E+00  0.0000E+00
       2       83       14       14       14        0                         0.8478E+06  0.6994E+03  0.3045E+04  0.9165E+03  0.1166E+03  0.3116E+02  0.0000E+00  0.0000E+00
       2       84       15       15       15        0                         0.4606E+06  0.7421E+03  0.4052E+04  0.9250E+03  0.1218E+03  0.1037E+02  0.0000E+00  0.0000E+00
       2       85       16       16       16        0                         0.7891E+06  0.9429E+03  0.4385E+04  0.1138E+04  0.1174E+03  0.1911E+02  0.0000E+00  0.0000E+00
       2       86       17       17       17        0                         0.4097E+06  0.3497E+03  0.1341E+04  0.3947E+03  0.2834E+02  0.1074E+02  0.0000E+00  0.0000E+00
       2       87       18       18       18        0                         0.3645E+06  0.3449E+03  0.1394E+04  0.3993E+03  0.5152E+02  0.8663E+01  0.0000E+00  0.0000E+00
       2       88       19       19       19        0                         0.8050E+06  0.1874E+04  0.5790E+04  0.1718E+04  0.5700E+02  0.3288E+02  0.0000E+00  0.0000E+00
       2       89       21       21       21        0                         0.2764E+06  0.3354E+03  0.2225E+04  0.4846E+03  0.6463E+02  0.4569E+01  0.0000E+00  0.0000E+00
       2       90       22       22       22        0                         0.2742E+06  0.4700E+03  0.1301E+04  0.3945E+03  0.2120E+02  0.5499E+01  0.0000E+00  0.0000E+00
       2       91       23       23       23        0                         0.1249E+07  0.1154E+04  0.5787E+04  0.1536E+04  0.1687E+03  0.4380E+02  0.0000E+00  0.0000E+00
       2       92       24       24       24        0                         0.2977E+06  0.6879E+03  0.1856E+04  0.5576E+03  0.2383E+02  0.7034E+01  0.0000E+00  0.0000E+00
       2       93       25       25       25        0                         0.8433E+06  0.1309E+04  0.5590E+04  0.1625E+04  0.1045E+03  0.4892E+02  0.0000E+00  0.0000E+00
       2       94       26       26       26        0                         0.5811E+06  0.8071E+03  0.3238E+04  0.8953E+03  0.7347E+02  0.1557E+02  0.0000E+00  0.0000E+00
       2       95       27       27       27        0                         0.4183E+06  0.6417E+03  0.2949E+04  0.7241E+03  0.9465E+02  0.1012E+02  0.0000E+00  0.0000E+00
       2       96       29       29       29        0                         0.4366E+06  0.7343E+03  0.2292E+04  0.6934E+03  0.5854E+02  0.1334E+02  0.0000E+00  0.0000E+00
       2       97       30       30       30        0                         0.4734E+06  0.6474E+03  0.2795E+04  0.8131E+03  0.8235E+02  0.2242E+02  0.0000E+00  0.0000E+00
       2       98       31       31       31        0                         0.1136E+07  0.1317E+04  0.5453E+04  0.1474E+04  0.1311E+03  0.2833E+02  0.0000E+00  0.0000E+00
       2       99       32       32       32        0                         0.3906E+06  0.3569E+03  0.1594E+04  0.4401E+03  0.4042E+02  0.8009E+01  0.0000E+00  0.0000E+00
       2      100       34       34       34        0                         0.2613E+06  0.2648E+03  0.1150E+04  0.3384E+03  0.3166E+02  0.9141E+01  0.0000E+00  0.0000E+00
       2      101       35       35       35        0                         0.4209E+06  0.5452E+03  0.2433E+04  0.6992E+03  0.8278E+02  0.1805E+02  0.0000E+00  0.0000E+00
       2      102       36       36       36        0                         0.3264E+06  0.5092E+03  0.1580E+04  0.4199E+03  0.2680E+02  0.4523E+01  0.0000E+00  0.0000E+00
       2      103       37       37       37        0                         0.1528E+07  0.6685E+03  0.3156E+04  0.8506E+03  0.1418E+03  0.2178E+02  0.0000E+00  0.0000E+00
       2      104       39       39       39        0                         0.2783E+06  0.3935E+03  0.1660E+04  0.4807E+03  0.3443E+02  0.9622E+01  0.0000E+00  0.0000E+00
       5      105       44       74        0        0                         0.1159E+07  0.7567E+03  0.3125E+04  0.8910E+03  0.9755E+02  0.2031E+02  0.0000E+00  0.0000E+00
       5      106      105      104        0        0                         0.1437E+07  0.1150E+04  0.4784E+04  0.1372E+04  0.1320E+03  0.2993E+02  0.0000E+00  0.0000E+00
       2      107       44      106       44        0                         0.1431E+07  0.1150E+04  0.4778E+04  0.1369E+04  0.1315E+03  0.3237E+02  0.0000E+00  0.0000E+00
       5      108       42       78        0        0                         0.6521E+06  0.9348E+03  0.2671E+04  0.7976E+03  0.3857E+02  0.1425E+02  0.0000E+00  0.0000E+00
       5      109      108       90        0        0                         0.9263E+06  0.1405E+04  0.3972E+04  0.1192E+04  0.5978E+02  0.1975E+02  0.0000E+00  0.0000E+00
       2      110       42      109       42        0                         0.9207E+06  0.1405E+04  0.3963E+04  0.1188E+04  0.5897E+02  0.2316E+02  0.0000E+00  0.0000E+00
       5      111       41       70        0        0                         0.4418E+07  0.3494E+04  0.1780E+05  0.4537E+04  0.4669E+03  0.9020E+02  0.0000E+00  0.0000E+00
       5      112      111       94        0        0                         0.4999E+07  0.4301E+04  0.2103E+05  0.5433E+04  0.5404E+03  0.1058E+03  0.0000E+00  0.0000E+00
       2      113       41      112       41        0                         0.4974E+07  0.4301E+04  0.2097E+05  0.5409E+04  0.5349E+03  0.1254E+03  0.0000E+00  0.0000E+00
       5      114       40       93        0        0                         0.9242E+06  0.1383E+04  0.5891E+04  0.1719E+04  0.1236E+03  0.5172E+02  0.0000E+00  0.0000E+00
       5      115      114       97        0        0                         0.1398E+07  0.2030E+04  0.8686E+04  0.2532E+04  0.2060E+03  0.7414E+02  0.0000E+00  0.0000E+00
       2      116       40      115       40        0                         0.1395E+07  0.2030E+04  0.8665E+04  0.2523E+04  0.1994E+03  0.8039E+02  0.0000E+00  0.0000E+00
       5      117       28       91        0        0                         0.2870E+07  0.2550E+04  0.1257E+05  0.3148E+04  0.4130E+03  0.5705E+02  0.0000E+00  0.0000E+00
       5      118      117      103        0        0                         0.4399E+07  0.3219E+04  0.1573E+05  0.3998E+04  0.5548E+03  0.7883E+02  0.0000E+00  0.0000E+00
       2      119       28      118       28        0                         0.4353E+07  0.3219E+04  0.1564E+05  0.3967E+04  0.5452E+03  0.1050E+03  0.0000E+00  0.0000E+00
       5      120       20       82        0        0                         0.2027E+07  0.1472E+04  0.6040E+04  0.1814E+04  0.1677E+03  0.4008E+02  0.0000E+00  0.0000E+00
       5      121      120       83        0        0                         0.2875E+07  0.2171E+04  0.9085E+04  0.2730E+04  0.2843E+03  0.7125E+02  0.0000E+00  0.0000E+00
       2      122       20      121       20        0                         0.2802E+07  0.2171E+04  0.8974E+04  0.2680E+04  0.2794E+03  0.1100E+03  0.0000E+00  0.0000E+00
       5      123       46       71        0        0                         0.8169E+06  0.1004E+04  0.4520E+04  0.1146E+04  0.1198E+03  0.1998E+02  0.0000E+00  0.0000E+00
       5      124      123      113        0        0                         0.5791E+07  0.5305E+04  0.2549E+05  0.6555E+04  0.6548E+03  0.1453E+03  0.0000E+00  0.0000E+00
       2      125       46      124       46        0                         0.5782E+07  0.5305E+04  0.2546E+05  0.6542E+04  0.6526E+03  0.1566E+03  0.0000E+00  0.0000E+00
       5      126       45      101        0        0                         0.7189E+06  0.7457E+03  0.3259E+04  0.9468E+03  0.1088E+03  0.2281E+02  0.0000E+00  0.0000E+00
       5      127      126      116        0        0                         0.2114E+07  0.2776E+04  0.1192E+05  0.3470E+04  0.3082E+03  0.1032E+03  0.0000E+00  0.0000E+00
       2      128       45      127       45        0                         0.2088E+07  0.2776E+04  0.1186E+05  0.3444E+04  0.3032E+03  0.1243E+03  0.0000E+00  0.0000E+00
       5      129       54       81        0        0                         0.1384E+07  0.1046E+04  0.3562E+04  0.1085E+04  0.1378E+03  0.2078E+02  0.0000E+00  0.0000E+00
       5      130      129      122        0        0                         0.4186E+07  0.3217E+04  0.1254E+05  0.3765E+04  0.4172E+03  0.1308E+03  0.0000E+00  0.0000E+00
       2      131       54      130       54        0                         0.4122E+07  0.3217E+04  0.1245E+05  0.3724E+04  0.4113E+03  0.1647E+03  0.0000E+00  0.0000E+00
       5      132       49       87        0        0                         0.5168E+06  0.4326E+03  0.1917E+04  0.5293E+03  0.9240E+02  0.1037E+02  0.0000E+00  0.0000E+00
       5      133      132      107        0        0                         0.1947E+07  0.1583E+04  0.6694E+04  0.1898E+04  0.2239E+03  0.4273E+02  0.0000E+00  0.0000E+00
       2      134       49      133       49        0                         0.1937E+07  0.1583E+04  0.6681E+04  0.1892E+04  0.2227E+03  0.4743E+02  0.0000E+00  0.0000E+00
       5      135       47       95        0        0                         0.6949E+06  0.8007E+03  0.3787E+04  0.9128E+03  0.1689E+03  0.1231E+02  0.0000E+00  0.0000E+00
       5      136      135      119        0        0                         0.5048E+07  0.4020E+04  0.1943E+05  0.4879E+04  0.7141E+03  0.1173E+03  0.0000E+00  0.0000E+00
       2      137       47      136       47        0                         0.5028E+07  0.4020E+04  0.1939E+05  0.4864E+04  0.7094E+03  0.1298E+03  0.0000E+00  0.0000E+00
       5      138       53       73        0        0                         0.2404E+07  0.1531E+04  0.6296E+04  0.1758E+04  0.2882E+03  0.3087E+02  0.0000E+00  0.0000E+00
       5      139      138      134        0        0                         0.4341E+07  0.3114E+04  0.1298E+05  0.3650E+04  0.5109E+03  0.7830E+02  0.0000E+00  0.0000E+00
       2      140       53      139       53        0                         0.4259E+07  0.3114E+04  0.1286E+05  0.3602E+04  0.5007E+03  0.1181E+03  0.0000E+00  0.0000E+00
       5      141       51       89        0        0                         0.1174E+07  0.1173E+04  0.7426E+04  0.1634E+04  0.1876E+03  0.1246E+02  0.0000E+00  0.0000E+00
       5      142      141      125        0        0                         0.6955E+07  0.6478E+04  0.3288E+05  0.8175E+04  0.8402E+03  0.1691E+03  0.0000E+00  0.0000E+00
       2      143       51      142       51        0                         0.6924E+07  0.6478E+04  0.3278E+05  0.8137E+04  0.8327E+03  0.2017E+03  0.0000E+00  0.0000E+00
       5      144       50       75        0        0                         0.2626E+07  0.2450E+04  0.9998E+04  0.2932E+04  0.3829E+03  0.6137E+02  0.0000E+00  0.0000E+00
       5      145      144      128        0        0                         0.4714E+07  0.5226E+04  0.2186E+05  0.6376E+04  0.6861E+03  0.1857E+03  0.0000E+00  0.0000E+00
       2      146       50      145       50        0                         0.4564E+07  0.5217E+04  0.2142E+05  0.6183E+04  0.6082E+03  0.3300E+03  0.0000E+00  0.0000E+00
       5      147       64      146        0        0                         0.5379E+07  0.5858E+04  0.2351E+05  0.6804E+04  0.7225E+03  0.3388E+03  0.0000E+00  0.0000E+00
       5      148      147      131        0        0                         0.9501E+07  0.9075E+04  0.3595E+05  0.1053E+05  0.1134E+04  0.5035E+03  0.0000E+00  0.0000E+00
       2      149       64      148       64        0                         0.9440E+07  0.9075E+04  0.3584E+05  0.1048E+05  0.1123E+04  0.5452E+03  0.0000E+00  0.0000E+00
       5      150       57       96        0        0                         0.8474E+06  0.1132E+04  0.3480E+04  0.1021E+04  0.9246E+02  0.1688E+02  0.0000E+00  0.0000E+00
       5      151      150      140        0        0                         0.5107E+07  0.4246E+04  0.1634E+05  0.4623E+04  0.5931E+03  0.1350E+03  0.0000E+00  0.0000E+00
       2      152       57      151       57        0                         0.5081E+07  0.4246E+04  0.1630E+05  0.4606E+04  0.5898E+03  0.1496E+03  0.0000E+00  0.0000E+00
       5      153       55       85        0        0                         0.1674E+07  0.1498E+04  0.7982E+04  0.1938E+04  0.2845E+03  0.2665E+02  0.0000E+00  0.0000E+00
       5      154      153      143        0        0                         0.8598E+07  0.7977E+04  0.4076E+05  0.1007E+05  0.1117E+04  0.2284E+03  0.0000E+00  0.0000E+00
       2      155       55      154       55        0                         0.8548E+07  0.7977E+04  0.4061E+05  0.1002E+05  0.1105E+04  0.2762E+03  0.0000E+00  0.0000E+00
       5      156       61       92        0        0                         0.7455E+06  0.1024E+04  0.3658E+04  0.9992E+03  0.7525E+02  0.1192E+02  0.0000E+00  0.0000E+00
       5      157      156      152        0        0                         0.5827E+07  0.5270E+04  0.1996E+05  0.5605E+04  0.6651E+03  0.1615E+03  0.0000E+00  0.0000E+00
       2      158       61      157       61        0                         0.5785E+07  0.5270E+04  0.1989E+05  0.5576E+04  0.6593E+03  0.1864E+03  0.0000E+00  0.0000E+00
       5      159       59       77        0        0                         0.8661E+06  0.1066E+04  0.7161E+04  0.1563E+04  0.2390E+03  0.1741E+02  0.0000E+00  0.0000E+00
       5      160      159      155        0        0                         0.9414E+07  0.9043E+04  0.4777E+05  0.1158E+05  0.1344E+04  0.2936E+03  0.0000E+00  0.0000E+00
       2      161       59      160       59        0                         0.9395E+07  0.9043E+04  0.4770E+05  0.1156E+05  0.1339E+04  0.3136E+03  0.0000E+00  0.0000E+00
       5      162       62       84        0        0                         0.8093E+06  0.1000E+04  0.5640E+04  0.1278E+04  0.1961E+03  0.1325E+02  0.0000E+00  0.0000E+00
       5      163      162      161        0        0                         0.1020E+08  0.1004E+05  0.5334E+05  0.1284E+05  0.1535E+04  0.3269E+03  0.0000E+00  0.0000E+00
       2      164       62      163       62        0                         0.1017E+08  0.1004E+05  0.5322E+05  0.1279E+05  0.1526E+04  0.3657E+03  0.0000E+00  0.0000E+00
       5      165       33       79        0        0                         0.1395E+07  0.1323E+04  0.5549E+04  0.1460E+04  0.1644E+03  0.2833E+02  0.0000E+00  0.0000E+00
       5      166      165      158        0        0                         0.7180E+07  0.6592E+04  0.2544E+05  0.7036E+04  0.8237E+03  0.2147E+03  0.0000E+00  0.0000E+00
       2      167       33      166       33        0                         0.7109E+07  0.6592E+04  0.2532E+05  0.6984E+04  0.8134E+03  0.2583E+03  0.0000E+00  0.0000E+00
       5      168       52      137        0        0                         0.9216E+07  0.9039E+04  0.4223E+05  0.1019E+05  0.1433E+04  0.1684E+03  0.0000E+00  0.0000E+00
       5      169      168      164        0        0                         0.1939E+08  0.1908E+05  0.9545E+05  0.2298E+05  0.2959E+04  0.5341E+03  0.0000E+00  0.0000E+00
       2      170       52      169       52        0                         0.1909E+08  0.1908E+05  0.9418E+05  0.2252E+05  0.2888E+04  0.9232E+03  0.0000E+00  0.0000E+00
       5      171       56       80        0        0                         0.2969E+07  0.2278E+04  0.1026E+05  0.2807E+04  0.2899E+03  0.1060E+03  0.0000E+00  0.0000E+00
       5      172      171      170        0        0                         0.2206E+08  0.2136E+05  0.1044E+06  0.2533E+05  0.3178E+04  0.1029E+04  0.0000E+00  0.0000E+00
       2      173       56      172       56        0                         0.2204E+08  0.2136E+05  0.1044E+06  0.2530E+05  0.3173E+04  0.1056E+04  0.0000E+00  0.0000E+00
       5      174       60       98        0        0                         0.1316E+07  0.1363E+04  0.5629E+04  0.1514E+04  0.1356E+03  0.2849E+02  0.0000E+00  0.0000E+00
       5      175      174      173        0        0                         0.2336E+08  0.2272E+05  0.1100E+06  0.2681E+05  0.3309E+04  0.1084E+04  0.0000E+00  0.0000E+00
       2      176       60      175       60        0                         0.2334E+08  0.2272E+05  0.1099E+06  0.2679E+05  0.3306E+04  0.1101E+04  0.0000E+00  0.0000E+00
       5      177       63      102        0        0                         0.1560E+07  0.1439E+04  0.5446E+04  0.1390E+04  0.1335E+03  0.1555E+02  0.0000E+00  0.0000E+00
       5      178      177      176        0        0                         0.2490E+08  0.2416E+05  0.1154E+06  0.2818E+05  0.3439E+04  0.1117E+04  0.0000E+00  0.0000E+00
       2      179       63      178       63        0                         0.2478E+08  0.2416E+05  0.1149E+06  0.2800E+05  0.3416E+04  0.1278E+04  0.0000E+00  0.0000E+00
       5      180       65       99        0        0                         0.2285E+07  0.1682E+04  0.6655E+04  0.1784E+04  0.1853E+03  0.2479E+02  0.0000E+00  0.0000E+00
       5      181      180      179        0        0                         0.2707E+08  0.2584E+05  0.1215E+06  0.2978E+05  0.3601E+04  0.1303E+04  0.0000E+00  0.0000E+00
       2      182       65      181       65        0                         0.2688E+08  0.2584E+05  0.1207E+06  0.2949E+05  0.3567E+04  0.1546E+04  0.0000E+00  0.0000E+00
       5      183       38      110        0        0                         0.9917E+06  0.1449E+04  0.4132E+04  0.1229E+04  0.6751E+02  0.2362E+02  0.0000E+00  0.0000E+00
       5      184      183      182        0        0                         0.2787E+08  0.2729E+05  0.1249E+06  0.3072E+05  0.3634E+04  0.1570E+04  0.0000E+00  0.0000E+00
       2      185       38      184       38        0                         0.2784E+08  0.2729E+05  0.1247E+06  0.3068E+05  0.3629E+04  0.1609E+04  0.0000E+00  0.0000E+00
       5      186       43      167        0        0                         0.7748E+07  0.7011E+04  0.2732E+05  0.7475E+04  0.9102E+03  0.2650E+03  0.0000E+00  0.0000E+00
       5      187      186      185        0        0                         0.3559E+08  0.3430E+05  0.1521E+06  0.3815E+05  0.4539E+04  0.1874E+04  0.0000E+00  0.0000E+00
       2      188       43      187       43        0                         0.3544E+08  0.3430E+05  0.1514E+06  0.3791E+05  0.4517E+04  0.2078E+04  0.0000E+00  0.0000E+00
       5      189       48       72        0        0                         0.1346E+07  0.1012E+04  0.3886E+04  0.1099E+04  0.1654E+03  0.2147E+02  0.0000E+00  0.0000E+00
       5      190      189      188        0        0                         0.3679E+08  0.3531E+05  0.1553E+06  0.3901E+05  0.4683E+04  0.2099E+04  0.0000E+00  0.0000E+00
       2      191       48      190       48        0                         0.3661E+08  0.3531E+05  0.1545E+06  0.3872E+05  0.4659E+04  0.2352E+04  0.0000E+00  0.0000E+00
       5      192       66       86        0        0                         0.5068E+06  0.4220E+03  0.1532E+04  0.4516E+03  0.5332E+02  0.1197E+02  0.0000E+00  0.0000E+00
       5      193      192      191        0        0                         0.3711E+08  0.3574E+05  0.1560E+06  0.3917E+05  0.4713E+04  0.2364E+04  0.0000E+00  0.0000E+00
       2      194       66      193       66        0                         0.3707E+08  0.3574E+05  0.1559E+06  0.3911E+05  0.4707E+04  0.2412E+04  0.0000E+00  0.0000E+00
       5      195       67      149        0        0                         0.1039E+08  0.9873E+04  0.3825E+05  0.1119E+05  0.1189E+04  0.5552E+03  0.0000E+00  0.0000E+00
       5      196      195      194        0        0                         0.4746E+08  0.4561E+05  0.1941E+06  0.5030E+05  0.5896E+04  0.2967E+04  0.0000E+00  0.0000E+00
       2      197       67      196       67        0                         0.4724E+08  0.4561E+05  0.1932E+06  0.4993E+05  0.5871E+04  0.3284E+04  0.0000E+00  0.0000E+00
       5      198       68       88        0        0                         0.1007E+07  0.1986E+04  0.6202E+04  0.1820E+04  0.7087E+02  0.3483E+02  0.0000E+00  0.0000E+00
       5      199      198      197        0        0                         0.4825E+08  0.4759E+05  0.1994E+06  0.5175E+05  0.5942E+04  0.3318E+04  0.0000E+00  0.0000E+00
       2      200       68      199       68        0                         0.4814E+08  0.4759E+05  0.1989E+06  0.5155E+05  0.5932E+04  0.3483E+04  0.0000E+00  0.0000E+00
       5      201       69      100        0        0                         0.3685E+06  0.2722E+03  0.1198E+04  0.3496E+03  0.3267E+02  0.9351E+01  0.0000E+00  0.0000E+00
       5      202      201      200        0        0                         0.4851E+08  0.4787E+05  0.2001E+06  0.5190E+05  0.5965E+04  0.3493E+04  0.0000E+00  0.0000E+00
       2      203       69      202       69        0                         0.4845E+08  0.4787E+05  0.1999E+06  0.5183E+05  0.5959E+04  0.3554E+04  0.0000E+00  0.0000E+00
       5      204       58       76        0        0                         0.5214E+07  0.4572E+04  0.1753E+05  0.5139E+04  0.3723E+03  0.1733E+03  0.0000E+00  0.0000E+00
       5      205      204      203        0        0                         0.5367E+08  0.5244E+05  0.2174E+06  0.5697E+05  0.6332E+04  0.3727E+04  0.0000E+00  0.0000E+00
       2      206       58      205       58        0                         0.5364E+08  0.5244E+05  0.2173E+06  0.5692E+05  0.6330E+04  0.3770E+04  0.0000E+00  0.0000E+00
      14      206        1        0        0        0                         0.5364E+08  0.5244E+05  0.2173E+06  0.5692E+05  0.6330E+04  0.3770E+04  0.0000E+00  0.0000E+00
