  icode   ic inum1 inum2 inum3   subed  recmonps reccnstps  flow(m^3)   sed(t)      orgn(kg)    orgp(kg)    nitrate(kg) sol.p(kg)   sol.pst(mg) sor.pst(mg)
       1        1        1        0        0        0                         0.3397E+07  0.2578E+04  0.1179E+05  0.3309E+04  0.4357E+03  0.4587E+02  0.0000E+00  0.0000E+00
       1        2        2        0        0        0                         0.9793E+06  0.9873E+03  0.4556E+04  0.1173E+04  0.1523E+03  0.1412E+02  0.0000E+00  0.0000E+00
       1        3        3        0        0        0                         0.7020E+06  0.5089E+03  0.1773E+04  0.5258E+03  0.6485E+02  0.1025E+02  0.0000E+00  0.0000E+00
       1        4        4        0        0        0                         0.4656E+06  0.5797E+03  0.2137E+04  0.6267E+03  0.6911E+02  0.9714E+01  0.0000E+00  0.0000E+00
       1        5        5        0        0        0                         0.5161E+06  0.7120E+03  0.2800E+04  0.8229E+03  0.7900E+02  0.1348E+02  0.0000E+00  0.0000E+00
       1        6        6        0        0        0                         0.9993E+06  0.8505E+03  0.3634E+04  0.1078E+04  0.1349E+03  0.2292E+02  0.0000E+00  0.0000E+00
       1        7        7        0        0        0                         0.4891E+07  0.5357E+04  0.2048E+05  0.6104E+04  0.4921E+03  0.8476E+02  0.0000E+00  0.0000E+00
       1        8        8        0        0        0                         0.1037E+07  0.9976E+03  0.6808E+04  0.1494E+04  0.2562E+03  0.1061E+02  0.0000E+00  0.0000E+00
       1        9        9        0        0        0                         0.8433E+06  0.9775E+03  0.2745E+04  0.8325E+03  0.5553E+02  0.1046E+02  0.0000E+00  0.0000E+00
       1       10       10        0        0        0                         0.6645E+06  0.7073E+03  0.3063E+04  0.8591E+03  0.9485E+02  0.1278E+02  0.0000E+00  0.0000E+00
       1       11       11        0        0        0                         0.2592E+07  0.2478E+04  0.1132E+05  0.3163E+04  0.3524E+03  0.5101E+02  0.0000E+00  0.0000E+00
       1       12       12        0        0        0                         0.4427E+06  0.4188E+03  0.1573E+04  0.4716E+03  0.3698E+02  0.8384E+01  0.0000E+00  0.0000E+00
       1       13       13        0        0        0                         0.4806E+06  0.4245E+03  0.1772E+04  0.5396E+03  0.6717E+02  0.1253E+02  0.0000E+00  0.0000E+00
       1       14       14        0        0        0                         0.9328E+06  0.8430E+03  0.3590E+04  0.1108E+04  0.1276E+03  0.2544E+02  0.0000E+00  0.0000E+00
       1       15       15        0        0        0                         0.6746E+06  0.8275E+03  0.4512E+04  0.1034E+04  0.1630E+03  0.7466E+01  0.0000E+00  0.0000E+00
       1       16       16        0        0        0                         0.1136E+07  0.1055E+04  0.4941E+04  0.1283E+04  0.1588E+03  0.1459E+02  0.0000E+00  0.0000E+00
       1       17       17        0        0        0                         0.5726E+06  0.4159E+03  0.1587E+04  0.4696E+03  0.3950E+02  0.9280E+01  0.0000E+00  0.0000E+00
       1       18       18        0        0        0                         0.3130E+06  0.3885E+03  0.1563E+04  0.4527E+03  0.6087E+02  0.7551E+01  0.0000E+00  0.0000E+00
       1       19       19        0        0        0                         0.1483E+07  0.2174E+04  0.6682E+04  0.1993E+04  0.1305E+03  0.2026E+02  0.0000E+00  0.0000E+00
       1       20       20        0        0        0                         0.1492E+07  0.1322E+04  0.5225E+04  0.1593E+04  0.1436E+03  0.3082E+02  0.0000E+00  0.0000E+00
       1       21       21        0        0        0                         0.4602E+06  0.3762E+03  0.2471E+04  0.5401E+03  0.9733E+02  0.4665E+01  0.0000E+00  0.0000E+00
       1       22       22        0        0        0                         0.4325E+06  0.5240E+03  0.1433E+04  0.4353E+03  0.3033E+02  0.5291E+01  0.0000E+00  0.0000E+00
       1       23       23        0        0        0                         0.1827E+07  0.1316E+04  0.6641E+04  0.1775E+04  0.2501E+03  0.2982E+02  0.0000E+00  0.0000E+00
       1       24       24        0        0        0                         0.5300E+06  0.7738E+03  0.2077E+04  0.6247E+03  0.3871E+02  0.6456E+01  0.0000E+00  0.0000E+00
       1       25       25        0        0        0                         0.1342E+07  0.1625E+04  0.6743E+04  0.1991E+04  0.1565E+03  0.2871E+02  0.0000E+00  0.0000E+00
       1       26       26        0        0        0                         0.8552E+06  0.8963E+03  0.3585E+04  0.9960E+03  0.9736E+02  0.1301E+02  0.0000E+00  0.0000E+00
       1       27       27        0        0        0                         0.7013E+06  0.7261E+03  0.3343E+04  0.8243E+03  0.1293E+03  0.8756E+01  0.0000E+00  0.0000E+00
       1       28       28        0        0        0                         0.1328E+07  0.1534E+04  0.7446E+04  0.1770E+04  0.2987E+03  0.1413E+02  0.0000E+00  0.0000E+00
       1       29       29        0        0        0                         0.7389E+06  0.8382E+03  0.2605E+04  0.7951E+03  0.7792E+02  0.1211E+02  0.0000E+00  0.0000E+00
       1       30       30        0        0        0                         0.7248E+06  0.7793E+03  0.3292E+04  0.9726E+03  0.1041E+03  0.1730E+02  0.0000E+00  0.0000E+00
       1       31       31        0        0        0                         0.1522E+07  0.1579E+04  0.6339E+04  0.1730E+04  0.1869E+03  0.2255E+02  0.0000E+00  0.0000E+00
       1       32       32        0        0        0                         0.4308E+06  0.4050E+03  0.1805E+04  0.5003E+03  0.5331E+02  0.7659E+01  0.0000E+00  0.0000E+00
       1       33       33        0        0        0                         0.1168E+07  0.7837E+03  0.3270E+04  0.8147E+03  0.1895E+03  0.1215E+02  0.0000E+00  0.0000E+00
       1       34       34        0        0        0                         0.4045E+06  0.3237E+03  0.1372E+04  0.4092E+03  0.3863E+02  0.8975E+01  0.0000E+00  0.0000E+00
       1       35       35        0        0        0                         0.6550E+06  0.6500E+03  0.2810E+04  0.8192E+03  0.1051E+03  0.1611E+02  0.0000E+00  0.0000E+00
       1       36       36        0        0        0                         0.4274E+06  0.5618E+03  0.1726E+04  0.4598E+03  0.4700E+02  0.4714E+01  0.0000E+00  0.0000E+00
       1       37       37        0        0        0                         0.1314E+07  0.7571E+03  0.3610E+04  0.9742E+03  0.2029E+03  0.1761E+02  0.0000E+00  0.0000E+00
       1       38       38        0        0        0                         0.5317E+05  0.4766E+02  0.1846E+03  0.4408E+02  0.1268E+02  0.4910E+00  0.0000E+00  0.0000E+00
       1       39       39        0        0        0                         0.4278E+06  0.4868E+03  0.1980E+04  0.5782E+03  0.4594E+02  0.8909E+01  0.0000E+00  0.0000E+00
       1       40       40        0        0        0                         0.1195E+06  0.8688E+02  0.3457E+03  0.1092E+03  0.2047E+02  0.3223E+01  0.0000E+00  0.0000E+00
       1       41       41        0        0        0                         0.1021E+07  0.1256E+04  0.7871E+04  0.1727E+04  0.2226E+03  0.1048E+02  0.0000E+00  0.0000E+00
       1       42       42        0        0        0                         0.7382E+05  0.6684E+02  0.2340E+03  0.5911E+02  0.1352E+02  0.7318E+00  0.0000E+00  0.0000E+00
       1       43       43        0        0        0                         0.6427E+06  0.4703E+03  0.2265E+04  0.5551E+03  0.1372E+03  0.7344E+01  0.0000E+00  0.0000E+00
       1       44       44        0        0        0                         0.1878E+06  0.1625E+03  0.7830E+03  0.2090E+03  0.3233E+02  0.3077E+01  0.0000E+00  0.0000E+00
       1       45       45        0        0        0                         0.1827E+06  0.2284E+03  0.9233E+03  0.2783E+03  0.2660E+02  0.5227E+01  0.0000E+00  0.0000E+00
       1       46       46        0        0        0                         0.4836E+05  0.1341E+03  0.5179E+03  0.1192E+03  0.1178E+02  0.4734E+00  0.0000E+00  0.0000E+00
       1       47       47        0        0        0                         0.2484E+06  0.1737E+03  0.9102E+03  0.2050E+03  0.8904E+02  0.2367E+01  0.0000E+00  0.0000E+00
       1       48       48        0        0        0                         0.9324E+06  0.6380E+03  0.2651E+04  0.7263E+03  0.1648E+03  0.1178E+02  0.0000E+00  0.0000E+00
       1       49       49        0        0        0                         0.1474E+06  0.1010E+03  0.5970E+03  0.1480E+03  0.5404E+02  0.1822E+01  0.0000E+00  0.0000E+00
       1       50       50        0        0        0                         0.1865E+07  0.1957E+04  0.7667E+04  0.2265E+04  0.3214E+03  0.3553E+02  0.0000E+00  0.0000E+00
       1       51       51        0        0        0                         0.8832E+06  0.9401E+03  0.5777E+04  0.1280E+04  0.1778E+03  0.8474E+01  0.0000E+00  0.0000E+00
       1       52       52        0        0        0                         0.3898E+07  0.5575E+04  0.2523E+05  0.5901E+04  0.9370E+03  0.4177E+02  0.0000E+00  0.0000E+00
       1       53       53        0        0        0                         0.1554E+07  0.1170E+04  0.5053E+04  0.1386E+04  0.2969E+03  0.2201E+02  0.0000E+00  0.0000E+00
       1       54       54        0        0        0                         0.7928E+06  0.7920E+03  0.2519E+04  0.7783E+03  0.1199E+03  0.1400E+02  0.0000E+00  0.0000E+00
       1       55       55        0        0        0                         0.8992E+06  0.6279E+03  0.4031E+04  0.8980E+03  0.2117E+03  0.8077E+01  0.0000E+00  0.0000E+00
       1       56       56        0        0        0                         0.9790E+05  0.9235E+02  0.4579E+03  0.1090E+03  0.1800E+02  0.1010E+01  0.0000E+00  0.0000E+00
       1       57       57        0        0        0                         0.3394E+06  0.4383E+03  0.1333E+04  0.3658E+03  0.5309E+02  0.3888E+01  0.0000E+00  0.0000E+00
       1       58       58        0        0        0                         0.1224E+05  0.1879E+02  0.4874E+02  0.1505E+02  0.2803E+01  0.1913E+00  0.0000E+00  0.0000E+00
       1       59       59        0        0        0                         0.2117E+06  0.1996E+03  0.1179E+04  0.2579E+03  0.6130E+02  0.1874E+01  0.0000E+00  0.0000E+00
       1       60       60        0        0        0                         0.1857E+05  0.4810E+02  0.1868E+03  0.4136E+02  0.5724E+01  0.1772E+00  0.0000E+00  0.0000E+00
       1       61       61        0        0        0                         0.5051E+06  0.3812E+03  0.2043E+04  0.5001E+03  0.7696E+02  0.5326E+01  0.0000E+00  0.0000E+00
       1       62       62        0        0        0                         0.3336E+06  0.2795E+03  0.1723E+04  0.3835E+03  0.8830E+02  0.3092E+01  0.0000E+00  0.0000E+00
       1       63       63        0        0        0                         0.1120E+07  0.1019E+04  0.4252E+04  0.1067E+04  0.1612E+03  0.1187E+02  0.0000E+00  0.0000E+00
       1       64       64        0        0        0                         0.7988E+06  0.7177E+03  0.2297E+04  0.6848E+03  0.1572E+03  0.9616E+01  0.0000E+00  0.0000E+00
       1       65       65        0        0        0                         0.1741E+07  0.1463E+04  0.5662E+04  0.1499E+04  0.2404E+03  0.1816E+02  0.0000E+00  0.0000E+00
       1       66       66        0        0        0                         0.7347E+05  0.7743E+02  0.2044E+03  0.6099E+02  0.3200E+02  0.1304E+01  0.0000E+00  0.0000E+00
       1       67       67        0        0        0                         0.7298E+06  0.8899E+03  0.2662E+04  0.7845E+03  0.8514E+02  0.1116E+02  0.0000E+00  0.0000E+00
       1       68       68        0        0        0                         0.1257E+06  0.1164E+03  0.4194E+03  0.1044E+03  0.2682E+02  0.2299E+01  0.0000E+00  0.0000E+00
       1       69       69        0        0        0                         0.1539E+05  0.7483E+01  0.4852E+02  0.1144E+02  0.1507E+01  0.2244E+00  0.0000E+00  0.0000E+00
       2       70        1        1        1        0                         0.3328E+07  0.2578E+04  0.1166E+05  0.3248E+04  0.3934E+03  0.8757E+02  0.0000E+00  0.0000E+00
       2       71        2        2        2        0                         0.9600E+06  0.9873E+03  0.4532E+04  0.1163E+04  0.1431E+03  0.2134E+02  0.0000E+00  0.0000E+00
       2       72        3        3        3        0                         0.6960E+06  0.5089E+03  0.1769E+04  0.5235E+03  0.6190E+02  0.1203E+02  0.0000E+00  0.0000E+00
       2       73        4        4        4        0                         0.4576E+06  0.5797E+03  0.2127E+04  0.6221E+03  0.6316E+02  0.1279E+02  0.0000E+00  0.0000E+00
       2       74        5        5        5        0                         0.5061E+06  0.7120E+03  0.2780E+04  0.8135E+03  0.6596E+02  0.1973E+02  0.0000E+00  0.0000E+00
       2       75        6        6        6        0                         0.9887E+06  0.8505E+03  0.3608E+04  0.1064E+04  0.1278E+03  0.3295E+02  0.0000E+00  0.0000E+00
       2       76        7        7        7        0                         0.4796E+07  0.5357E+04  0.2012E+05  0.5921E+04  0.4324E+03  0.1941E+03  0.0000E+00  0.0000E+00
       2       77        8        8        8        0                         0.1030E+07  0.9976E+03  0.6787E+04  0.1486E+04  0.2516E+03  0.1667E+02  0.0000E+00  0.0000E+00
       2       78        9        9        9        0                         0.8358E+06  0.9775E+03  0.2735E+04  0.8273E+03  0.5350E+02  0.1473E+02  0.0000E+00  0.0000E+00
       2       79       10       10       10        0                         0.6442E+06  0.7073E+03  0.3042E+04  0.8495E+03  0.8426E+02  0.1970E+02  0.0000E+00  0.0000E+00
       2       80       11       11       11        0                         0.2493E+07  0.2478E+04  0.1108E+05  0.3055E+04  0.2716E+03  0.1143E+03  0.0000E+00  0.0000E+00
       2       81       12       12       12        0                         0.4409E+06  0.4188E+03  0.1571E+04  0.4705E+03  0.3621E+02  0.9319E+01  0.0000E+00  0.0000E+00
       2       82       13       13       13        0                         0.4770E+06  0.4245E+03  0.1764E+04  0.5356E+03  0.6434E+02  0.1560E+02  0.0000E+00  0.0000E+00
       2       83       14       14       14        0                         0.9238E+06  0.8430E+03  0.3562E+04  0.1093E+04  0.1187E+03  0.3614E+02  0.0000E+00  0.0000E+00
       2       84       15       15       15        0                         0.6701E+06  0.8275E+03  0.4500E+04  0.1030E+04  0.1598E+03  0.1105E+02  0.0000E+00  0.0000E+00
       2       85       16       16       16        0                         0.1121E+07  0.1055E+04  0.4922E+04  0.1275E+04  0.1528E+03  0.2063E+02  0.0000E+00  0.0000E+00
       2       86       17       17       17        0                         0.5664E+06  0.4159E+03  0.1580E+04  0.4662E+03  0.3738E+02  0.1204E+02  0.0000E+00  0.0000E+00
       2       87       18       18       18        0                         0.3085E+06  0.3885E+03  0.1557E+04  0.4499E+03  0.5604E+02  0.9687E+01  0.0000E+00  0.0000E+00
       2       88       19       19       19        0                         0.1468E+07  0.2174E+04  0.6643E+04  0.1973E+04  0.1227E+03  0.3548E+02  0.0000E+00  0.0000E+00
       2       89       21       21       21        0                         0.4597E+06  0.3762E+03  0.2470E+04  0.5397E+03  0.9708E+02  0.4944E+01  0.0000E+00  0.0000E+00
       2       90       22       22       22        0                         0.4312E+06  0.5240E+03  0.1431E+04  0.4344E+03  0.2987E+02  0.5983E+01  0.0000E+00  0.0000E+00
       2       91       23       23       23        0                         0.1783E+07  0.1316E+04  0.6581E+04  0.1749E+04  0.2270E+03  0.4779E+02  0.0000E+00  0.0000E+00
       2       92       24       24       24        0                         0.5280E+06  0.7738E+03  0.2074E+04  0.6233E+03  0.3808E+02  0.7665E+01  0.0000E+00  0.0000E+00
       2       93       25       25       25        0                         0.1324E+07  0.1625E+04  0.6672E+04  0.1957E+04  0.1394E+03  0.5273E+02  0.0000E+00  0.0000E+00
       2       94       26       26       26        0                         0.8449E+06  0.8963E+03  0.3573E+04  0.9906E+03  0.9270E+02  0.1689E+02  0.0000E+00  0.0000E+00
       2       95       27       27       27        0                         0.6947E+06  0.7261E+03  0.3336E+04  0.8213E+03  0.1262E+03  0.1117E+02  0.0000E+00  0.0000E+00
       2       96       29       29       29        0                         0.7334E+06  0.8382E+03  0.2599E+04  0.7916E+03  0.7545E+02  0.1495E+02  0.0000E+00  0.0000E+00
       2       97       30       30       30        0                         0.7183E+06  0.7793E+03  0.3272E+04  0.9629E+03  0.9772E+02  0.2451E+02  0.0000E+00  0.0000E+00
       2       98       31       31       31        0                         0.1503E+07  0.1579E+04  0.6313E+04  0.1718E+04  0.1778E+03  0.3169E+02  0.0000E+00  0.0000E+00
       2       99       32       32       32        0                         0.4254E+06  0.4050E+03  0.1801E+04  0.4986E+03  0.5117E+02  0.8991E+01  0.0000E+00  0.0000E+00
       2      100       34       34       34        0                         0.4013E+06  0.3237E+03  0.1368E+04  0.4073E+03  0.3644E+02  0.1041E+02  0.0000E+00  0.0000E+00
       2      101       35       35       35        0                         0.6509E+06  0.6500E+03  0.2800E+04  0.8142E+03  0.1014E+03  0.2001E+02  0.0000E+00  0.0000E+00
       2      102       36       36       36        0                         0.4270E+06  0.5618E+03  0.1726E+04  0.4596E+03  0.4687E+02  0.4911E+01  0.0000E+00  0.0000E+00
       2      103       37       37       37        0                         0.1292E+07  0.7571E+03  0.3588E+04  0.9648E+03  0.1907E+03  0.2460E+02  0.0000E+00  0.0000E+00
       2      104       39       39       39        0                         0.4238E+06  0.4868E+03  0.1974E+04  0.5752E+03  0.4273E+02  0.1115E+02  0.0000E+00  0.0000E+00
       5      105       44       74        0        0                         0.6939E+06  0.8745E+03  0.3563E+04  0.1022E+04  0.9828E+02  0.2281E+02  0.0000E+00  0.0000E+00
       5      106      105      104        0        0                         0.1118E+07  0.1361E+04  0.5537E+04  0.1598E+04  0.1410E+03  0.3396E+02  0.0000E+00  0.0000E+00
       2      107       44      106       44        0                         0.1112E+07  0.1758E+03  0.5529E+04  0.1594E+04  0.1363E+03  0.3697E+02  0.0000E+00  0.0000E+00
       5      108       42       78        0        0                         0.9096E+06  0.1044E+04  0.2969E+04  0.8865E+03  0.6702E+02  0.1547E+02  0.0000E+00  0.0000E+00
       5      109      108       90        0        0                         0.1341E+07  0.1568E+04  0.4401E+04  0.1321E+04  0.9689E+02  0.2145E+02  0.0000E+00  0.0000E+00
       2      110       42      109       42        0                         0.1336E+07  0.1369E+03  0.4392E+04  0.1317E+04  0.9534E+02  0.2502E+02  0.0000E+00  0.0000E+00
       5      111       41       70        0        0                         0.4350E+07  0.3834E+04  0.1953E+05  0.4975E+04  0.6159E+03  0.9805E+02  0.0000E+00  0.0000E+00
       5      112      111       94        0        0                         0.5195E+07  0.4730E+04  0.2310E+05  0.5966E+04  0.7086E+03  0.1149E+03  0.0000E+00  0.0000E+00
       2      113       41      112       41        0                         0.5170E+07  0.7256E+03  0.2304E+05  0.5939E+04  0.6972E+03  0.1380E+03  0.0000E+00  0.0000E+00
       5      114       40       93        0        0                         0.1444E+07  0.1712E+04  0.7018E+04  0.2066E+04  0.1599E+03  0.5595E+02  0.0000E+00  0.0000E+00
       5      115      114       97        0        0                         0.2162E+07  0.2491E+04  0.1029E+05  0.3029E+04  0.2576E+03  0.8046E+02  0.0000E+00  0.0000E+00
       2      116       40      115       40        0                         0.2158E+07  0.3250E+03  0.1027E+05  0.3020E+04  0.2542E+03  0.8728E+02  0.0000E+00  0.0000E+00
       5      117       28       91        0        0                         0.3111E+07  0.2850E+04  0.1403E+05  0.3519E+04  0.5257E+03  0.6192E+02  0.0000E+00  0.0000E+00
       5      118      117      103        0        0                         0.4403E+07  0.3607E+04  0.1762E+05  0.4484E+04  0.7164E+03  0.8652E+02  0.0000E+00  0.0000E+00
       2      119       28      118       28        0                         0.4361E+07  0.6163E+03  0.1752E+05  0.4446E+04  0.6936E+03  0.1176E+03  0.0000E+00  0.0000E+00
       5      120       20       82        0        0                         0.1969E+07  0.1747E+04  0.6989E+04  0.2128E+04  0.2080E+03  0.4642E+02  0.0000E+00  0.0000E+00
       5      121      120       83        0        0                         0.2893E+07  0.2590E+04  0.1055E+05  0.3222E+04  0.3267E+03  0.8256E+02  0.0000E+00  0.0000E+00
       2      122       20      121       20        0                         0.2857E+07  0.2951E+03  0.1041E+05  0.3151E+04  0.3034E+03  0.1382E+03  0.0000E+00  0.0000E+00
       5      123       46       71        0        0                         0.1008E+07  0.1121E+04  0.5050E+04  0.1282E+04  0.1549E+03  0.2181E+02  0.0000E+00  0.0000E+00
       5      124      123      113        0        0                         0.6179E+07  0.1847E+04  0.2809E+05  0.7221E+04  0.8521E+03  0.1598E+03  0.0000E+00  0.0000E+00
       2      125       46      124       46        0                         0.6170E+07  0.5565E+03  0.2805E+05  0.7206E+04  0.8478E+03  0.1725E+03  0.0000E+00  0.0000E+00
       5      126       45      101        0        0                         0.8336E+06  0.8784E+03  0.3723E+04  0.1092E+04  0.1280E+03  0.2523E+02  0.0000E+00  0.0000E+00
       5      127      126      116        0        0                         0.2992E+07  0.1203E+04  0.1399E+05  0.4113E+04  0.3823E+03  0.1125E+03  0.0000E+00  0.0000E+00
       2      128       45      127       45        0                         0.2980E+07  0.4077E+03  0.1393E+05  0.4084E+04  0.3718E+03  0.1360E+03  0.0000E+00  0.0000E+00
       5      129       54       81        0        0                         0.1234E+07  0.1211E+04  0.4089E+04  0.1249E+04  0.1562E+03  0.2332E+02  0.0000E+00  0.0000E+00
       5      130      129      122        0        0                         0.4091E+07  0.1506E+04  0.1450E+05  0.4400E+04  0.4595E+03  0.1615E+03  0.0000E+00  0.0000E+00
       2      131       54      130       54        0                         0.4058E+07  0.6843E+03  0.1440E+05  0.4352E+04  0.4374E+03  0.2010E+03  0.0000E+00  0.0000E+00
       5      132       49       87        0        0                         0.4559E+06  0.4895E+03  0.2154E+04  0.5978E+03  0.1101E+03  0.1151E+02  0.0000E+00  0.0000E+00
       5      133      132      107        0        0                         0.1568E+07  0.6653E+03  0.7683E+04  0.2192E+04  0.2464E+03  0.4848E+02  0.0000E+00  0.0000E+00
       2      134       49      133       49        0                         0.1559E+07  0.2405E+03  0.7668E+04  0.2185E+04  0.2373E+03  0.5421E+02  0.0000E+00  0.0000E+00
       5      135       47       95        0        0                         0.9431E+06  0.8998E+03  0.4246E+04  0.1026E+04  0.2152E+03  0.1354E+02  0.0000E+00  0.0000E+00
       5      136      135      119        0        0                         0.5304E+07  0.1516E+04  0.2177E+05  0.5472E+04  0.9088E+03  0.1312E+03  0.0000E+00  0.0000E+00
       2      137       47      136       47        0                         0.5286E+07  0.7870E+03  0.2172E+05  0.5455E+04  0.8993E+03  0.1457E+03  0.0000E+00  0.0000E+00
       5      138       53       73        0        0                         0.2011E+07  0.1750E+04  0.7180E+04  0.2008E+04  0.3601E+03  0.3480E+02  0.0000E+00  0.0000E+00
       5      139      138      134        0        0                         0.3570E+07  0.1990E+04  0.1485E+05  0.4193E+04  0.5974E+03  0.8901E+02  0.0000E+00  0.0000E+00
       2      140       53      139       53        0                         0.3501E+07  0.5323E+03  0.1472E+05  0.4135E+04  0.5523E+03  0.1364E+03  0.0000E+00  0.0000E+00
       5      141       51       89        0        0                         0.1343E+07  0.1316E+04  0.8247E+04  0.1820E+04  0.2749E+03  0.1342E+02  0.0000E+00  0.0000E+00
       5      142      141      125        0        0                         0.7513E+07  0.1873E+04  0.3630E+05  0.9026E+04  0.1123E+04  0.1859E+03  0.0000E+00  0.0000E+00
       2      143       51      142       51        0                         0.7482E+07  0.9603E+03  0.3619E+05  0.8983E+04  0.1108E+04  0.2230E+03  0.0000E+00  0.0000E+00
       5      144       50       75        0        0                         0.2854E+07  0.2808E+04  0.1128E+05  0.3330E+04  0.4491E+03  0.6848E+02  0.0000E+00  0.0000E+00
       5      145      144      128        0        0                         0.5834E+07  0.3215E+04  0.2521E+05  0.7414E+04  0.8209E+03  0.2045E+03  0.0000E+00  0.0000E+00
       2      146       50      145       50        0                         0.5743E+07  0.9300E+03  0.2478E+05  0.7209E+04  0.7247E+03  0.3641E+03  0.0000E+00  0.0000E+00
       5      147       64      146        0        0                         0.6542E+07  0.1648E+04  0.2708E+05  0.7894E+04  0.8819E+03  0.3737E+03  0.0000E+00  0.0000E+00
       5      148      147      131        0        0                         0.1060E+08  0.2332E+04  0.4148E+05  0.1225E+05  0.1319E+04  0.5747E+03  0.0000E+00  0.0000E+00
       2      149       64      148       64        0                         0.1056E+08  0.2070E+04  0.4135E+05  0.1219E+05  0.1285E+04  0.6232E+03  0.0000E+00  0.0000E+00
       5      150       57       96        0        0                         0.1073E+07  0.1277E+04  0.3932E+04  0.1157E+04  0.1285E+03  0.1884E+02  0.0000E+00  0.0000E+00
       5      151      150      140        0        0                         0.4574E+07  0.1809E+04  0.1865E+05  0.5293E+04  0.6809E+03  0.1553E+03  0.0000E+00  0.0000E+00
       2      152       57      151       57        0                         0.4553E+07  0.6902E+03  0.1861E+05  0.5273E+04  0.6694E+03  0.1723E+03  0.0000E+00  0.0000E+00
       5      153       55       85        0        0                         0.2020E+07  0.1683E+04  0.8952E+04  0.2173E+04  0.3644E+03  0.2871E+02  0.0000E+00  0.0000E+00
       5      154      153      143        0        0                         0.9502E+07  0.2643E+04  0.4515E+05  0.1116E+05  0.1473E+04  0.2517E+03  0.0000E+00  0.0000E+00
       2      155       55      154       55        0                         0.9455E+07  0.1394E+04  0.4499E+05  0.1109E+05  0.1452E+04  0.3058E+03  0.0000E+00  0.0000E+00
       5      156       61       92        0        0                         0.1033E+07  0.1155E+04  0.4117E+04  0.1123E+04  0.1150E+03  0.1299E+02  0.0000E+00  0.0000E+00
       5      157      156      152        0        0                         0.5586E+07  0.1845E+04  0.2273E+05  0.6396E+04  0.7844E+03  0.1853E+03  0.0000E+00  0.0000E+00
       2      158       61      157       61        0                         0.5552E+07  0.8987E+03  0.2265E+05  0.6363E+04  0.7676E+03  0.2136E+03  0.0000E+00  0.0000E+00
       5      159       59       77        0        0                         0.1242E+07  0.1197E+04  0.7966E+04  0.1744E+04  0.3129E+03  0.1854E+02  0.0000E+00  0.0000E+00
       5      160      159      155        0        0                         0.1070E+08  0.2591E+04  0.5295E+05  0.1284E+05  0.1765E+04  0.3243E+03  0.0000E+00  0.0000E+00
       2      161       59      160       59        0                         0.1068E+08  0.1498E+04  0.5288E+05  0.1281E+05  0.1757E+04  0.3471E+03  0.0000E+00  0.0000E+00
       5      162       62       84        0        0                         0.1004E+07  0.1107E+04  0.6223E+04  0.1413E+04  0.2481E+03  0.1414E+02  0.0000E+00  0.0000E+00
       5      163      162      161        0        0                         0.1168E+08  0.2605E+04  0.5911E+05  0.1423E+05  0.2005E+04  0.3612E+03  0.0000E+00  0.0000E+00
       2      164       62      163       62        0                         0.1165E+08  0.1554E+04  0.5897E+05  0.1417E+05  0.1990E+04  0.4050E+03  0.0000E+00  0.0000E+00
       5      165       33       79        0        0                         0.1812E+07  0.1491E+04  0.6312E+04  0.1664E+04  0.2738E+03  0.3185E+02  0.0000E+00  0.0000E+00
       5      166      165      158        0        0                         0.7364E+07  0.2390E+04  0.2897E+05  0.8027E+04  0.1041E+04  0.2455E+03  0.0000E+00  0.0000E+00
       2      167       33      166       33        0                         0.7306E+07  0.1177E+04  0.2883E+05  0.7969E+04  0.1014E+04  0.2959E+03  0.0000E+00  0.0000E+00
       5      168       52      137        0        0                         0.9184E+07  0.6362E+04  0.4696E+05  0.1136E+05  0.1836E+04  0.1875E+03  0.0000E+00  0.0000E+00
       5      169      168      164        0        0                         0.2084E+08  0.7916E+04  0.1059E+06  0.2553E+05  0.3826E+04  0.5925E+03  0.0000E+00  0.0000E+00
       2      170       52      169       52        0                         0.2058E+08  0.3009E+04  0.1046E+06  0.2501E+05  0.3686E+04  0.1043E+04  0.0000E+00  0.0000E+00
       5      171       56       80        0        0                         0.2591E+07  0.2570E+04  0.1154E+05  0.3164E+04  0.2896E+03  0.1153E+03  0.0000E+00  0.0000E+00
       5      172      171      170        0        0                         0.2317E+08  0.5579E+04  0.1161E+06  0.2818E+05  0.3975E+04  0.1159E+04  0.0000E+00  0.0000E+00
       2      173       56      172       56        0                         0.2315E+08  0.3527E+04  0.1160E+06  0.2814E+05  0.3967E+04  0.1189E+04  0.0000E+00  0.0000E+00
       5      174       60       98        0        0                         0.1522E+07  0.1627E+04  0.6499E+04  0.1759E+04  0.1835E+03  0.3187E+02  0.0000E+00  0.0000E+00
       5      175      174      173        0        0                         0.2467E+08  0.5153E+04  0.1225E+06  0.2990E+05  0.4150E+04  0.1221E+04  0.0000E+00  0.0000E+00
       2      176       60      175       60        0                         0.2466E+08  0.3812E+04  0.1225E+06  0.2988E+05  0.4145E+04  0.1241E+04  0.0000E+00  0.0000E+00
       5      177       63      102        0        0                         0.1547E+07  0.1580E+04  0.5978E+04  0.1527E+04  0.2080E+03  0.1678E+02  0.0000E+00  0.0000E+00
       5      178      177      176        0        0                         0.2621E+08  0.5393E+04  0.1284E+06  0.3141E+05  0.4353E+04  0.1258E+04  0.0000E+00  0.0000E+00
       2      179       63      178       63        0                         0.2612E+08  0.3663E+04  0.1279E+06  0.3119E+05  0.4309E+04  0.1443E+04  0.0000E+00  0.0000E+00
       5      180       65       99        0        0                         0.2166E+07  0.1868E+04  0.7463E+04  0.1998E+04  0.2915E+03  0.2715E+02  0.0000E+00  0.0000E+00
       5      181      180      179        0        0                         0.2828E+08  0.5530E+04  0.1353E+06  0.3319E+05  0.4601E+04  0.1470E+04  0.0000E+00  0.0000E+00
       2      182       65      181       65        0                         0.2814E+08  0.4278E+04  0.1345E+06  0.3287E+05  0.4534E+04  0.1751E+04  0.0000E+00  0.0000E+00
       5      183       38      110        0        0                         0.1389E+07  0.1846E+03  0.4577E+04  0.1361E+04  0.1080E+03  0.2551E+02  0.0000E+00  0.0000E+00
       5      184      183      182        0        0                         0.2953E+08  0.4462E+04  0.1391E+06  0.3423E+05  0.4642E+04  0.1777E+04  0.0000E+00  0.0000E+00
       2      185       38      184       38        0                         0.2950E+08  0.4462E+04  0.1389E+06  0.3417E+05  0.4632E+04  0.1823E+04  0.0000E+00  0.0000E+00
       5      186       43      167        0        0                         0.7949E+07  0.1647E+04  0.3110E+05  0.8524E+04  0.1152E+04  0.3032E+03  0.0000E+00  0.0000E+00
       5      187      186      185        0        0                         0.3745E+08  0.6110E+04  0.1700E+06  0.4270E+05  0.5784E+04  0.2126E+04  0.0000E+00  0.0000E+00
       2      188       43      187       43        0                         0.3735E+08  0.5388E+04  0.1693E+06  0.4242E+05  0.5734E+04  0.2363E+04  0.0000E+00  0.0000E+00
       5      189       48       72        0        0                         0.1628E+07  0.1147E+04  0.4420E+04  0.1250E+04  0.2267E+03  0.2382E+02  0.0000E+00  0.0000E+00
       5      190      189      188        0        0                         0.3898E+08  0.6535E+04  0.1738E+06  0.4367E+05  0.5961E+04  0.2387E+04  0.0000E+00  0.0000E+00
       2      191       48      190       48        0                         0.3885E+08  0.5604E+04  0.1729E+06  0.4333E+05  0.5901E+04  0.2682E+04  0.0000E+00  0.0000E+00
       5      192       66       86        0        0                         0.6399E+06  0.4933E+03  0.1784E+04  0.5271E+03  0.6938E+02  0.1334E+02  0.0000E+00  0.0000E+00
       5      193      192      191        0        0                         0.3949E+08  0.6098E+04  0.1747E+06  0.4386E+05  0.5970E+04  0.2695E+04  0.0000E+00  0.0000E+00
       2      194       66      193       66        0                         0.3946E+08  0.6098E+04  0.1745E+06  0.4380E+05  0.5956E+04  0.2751E+04  0.0000E+00  0.0000E+00
       5      195       67      149        0        0                         0.1129E+08  0.2960E+04  0.4402E+05  0.1297E+05  0.1370E+04  0.6344E+03  0.0000E+00  0.0000E+00
       5      196      195      194        0        0                         0.5075E+08  0.9057E+04  0.2185E+06  0.5677E+05  0.7326E+04  0.3385E+04  0.0000E+00  0.0000E+00
       2      197       67      196       67        0                         0.5062E+08  0.7758E+04  0.2175E+06  0.5635E+05  0.7254E+04  0.3747E+04  0.0000E+00  0.0000E+00
       5      198       68       88        0        0                         0.1594E+07  0.2290E+04  0.7062E+04  0.2078E+04  0.1495E+03  0.3778E+02  0.0000E+00  0.0000E+00
       5      199      198      197        0        0                         0.5221E+08  0.1005E+05  0.2246E+06  0.5843E+05  0.7404E+04  0.3785E+04  0.0000E+00  0.0000E+00
       2      200       68      199       68        0                         0.5215E+08  0.7859E+04  0.2240E+06  0.5821E+05  0.7370E+04  0.3975E+04  0.0000E+00  0.0000E+00
       5      201       69      100        0        0                         0.4167E+06  0.3312E+03  0.1417E+04  0.4188E+03  0.3795E+02  0.1063E+02  0.0000E+00  0.0000E+00
       5      202      201      200        0        0                         0.5257E+08  0.8190E+04  0.2254E+06  0.5863E+05  0.7408E+04  0.3985E+04  0.0000E+00  0.0000E+00
       2      203       69      202       69        0                         0.5254E+08  0.8190E+04  0.2252E+06  0.5854E+05  0.7391E+04  0.4056E+04  0.0000E+00  0.0000E+00
       5      204       58       76        0        0                         0.4809E+07  0.5376E+04  0.2017E+05  0.5936E+04  0.4352E+03  0.1943E+03  0.0000E+00  0.0000E+00
       5      205      204      203        0        0                         0.5735E+08  0.1357E+05  0.2454E+06  0.6448E+05  0.7827E+04  0.4250E+04  0.0000E+00  0.0000E+00
       2      206       58      205       58        0                         0.5733E+08  0.9076E+04  0.2453E+06  0.6442E+05  0.7818E+04  0.4299E+04  0.0000E+00  0.0000E+00
      14      206        1        0        0        0                         0.5733E+08  0.9076E+04  0.2453E+06  0.6442E+05  0.7818E+04  0.4299E+04  0.0000E+00  0.0000E+00
